<?xml version="1.0" encoding="UTF-8"?>
<testng-results ignored="0" total="2" passed="1" failed="1" skipped="0">
  <reporter-output>
  </reporter-output>
  <suite started-at="2024-05-28T13:05:00 IST" name="Suite" finished-at="2024-05-28T13:05:46 IST" duration-ms="45591">
    <groups>
    </groups>
    <test started-at="2024-05-28T13:05:00 IST" name="Chrome-Test" finished-at="2024-05-28T13:05:38 IST" duration-ms="37501">
      <class name="amazon_Site.loginTestClass">
        <test-method is-config="true" signature="launchBrowser(java.lang.String)[pri:0, instance:amazon_Site.loginTestClass@747ddf94]" started-at="2024-05-28T13:05:00 IST" name="launchBrowser" finished-at="2024-05-28T13:05:03 IST" duration-ms="3333" status="PASS">
          <params>
            <param index="0">
              <value>
                <![CDATA[chrome]]>
              </value>
            </param>
          </params>
          <reporter-output>
          </reporter-output>
        </test-method> <!-- launchBrowser -->
        <test-method is-config="true" signature="openbrowser()[pri:0, instance:amazon_Site.loginTestClass@747ddf94]" started-at="2024-05-28T13:05:03 IST" name="openbrowser" finished-at="2024-05-28T13:05:34 IST" duration-ms="30065" status="PASS">
          <reporter-output>
          </reporter-output>
        </test-method> <!-- openbrowser -->
        <test-method is-config="true" signature="initializeApplication()[pri:0, instance:amazon_Site.loginTestClass@747ddf94]" started-at="2024-05-28T13:05:34 IST" name="initializeApplication" finished-at="2024-05-28T13:05:38 IST" duration-ms="4040" status="PASS">
          <reporter-output>
          </reporter-output>
        </test-method> <!-- initializeApplication -->
        <test-method signature="TC1()[pri:0, instance:amazon_Site.loginTestClass@747ddf94]" started-at="2024-05-28T13:05:38 IST" name="TC1" finished-at="2024-05-28T13:05:38 IST" duration-ms="14" status="FAIL">
          <exception class="java.lang.NullPointerException">
            <message>
              <![CDATA[Cannot invoke "com.aventstack.extentreports.ExtentReports.createTest(String)" because "this.extent" is null]]>
            </message>
            <full-stacktrace>
              <![CDATA[java.lang.NullPointerException: Cannot invoke "com.aventstack.extentreports.ExtentReports.createTest(String)" because "this.extent" is null
at amazon_Site.loginTestClass.TC1(loginTestClass.java:74)
at java.base/jdk.internal.reflect.DirectMethodHandleAccessor.invoke(DirectMethodHandleAccessor.java:103)
at java.base/java.lang.reflect.Method.invoke(Method.java:580)
at org.testng.internal.MethodInvocationHelper.invokeMethod(MethodInvocationHelper.java:133)
at org.testng.internal.TestInvoker.invokeMethod(TestInvoker.java:598)
at org.testng.internal.TestInvoker.invokeTestMethod(TestInvoker.java:173)
at org.testng.internal.MethodRunner.runInSequence(MethodRunner.java:46)
at org.testng.internal.TestInvoker$MethodInvocationAgent.invoke(TestInvoker.java:824)
at org.testng.internal.TestInvoker.invokeTestMethods(TestInvoker.java:146)
at org.testng.internal.TestMethodWorker.invokeTestMethods(TestMethodWorker.java:146)
at org.testng.internal.TestMethodWorker.run(TestMethodWorker.java:128)
at java.base/java.util.ArrayList.forEach(ArrayList.java:1596)
at org.testng.TestRunner.privateRun(TestRunner.java:794)
at org.testng.TestRunner.run(TestRunner.java:596)
at org.testng.SuiteRunner.runTest(SuiteRunner.java:377)
at org.testng.SuiteRunner.access$000(SuiteRunner.java:28)
at org.testng.SuiteRunner$SuiteWorker.run(SuiteRunner.java:418)
at org.testng.internal.thread.ThreadUtil.lambda$execute$0(ThreadUtil.java:64)
at java.base/java.util.concurrent.FutureTask.run(FutureTask.java:317)
at java.base/java.util.concurrent.ThreadPoolExecutor.runWorker(ThreadPoolExecutor.java:1144)
at java.base/java.util.concurrent.ThreadPoolExecutor$Worker.run(ThreadPoolExecutor.java:642)
at java.base/java.lang.Thread.run(Thread.java:1583)
]]>
            </full-stacktrace>
          </exception> <!-- java.lang.NullPointerException -->
          <reporter-output>
          </reporter-output>
        </test-method> <!-- TC1 -->
        <test-method is-config="true" signature="closeBrowser(org.testng.ITestResult)[pri:0, instance:amazon_Site.loginTestClass@747ddf94]" started-at="2024-05-28T13:05:38 IST" name="closeBrowser" finished-at="2024-05-28T13:05:38 IST" duration-ms="3" status="FAIL">
          <params>
            <param index="0">
              <value>
                <![CDATA[[TestResult name=TC1 status=FAILURE method=loginTestClass.TC1()[pri:0, instance:amazon_Site.loginTestClass@747ddf94] output={null}]]]>
              </value>
            </param>
          </params>
          <exception class="java.lang.NullPointerException">
            <message>
              <![CDATA[Cannot invoke "org.openqa.selenium.TakesScreenshot.getScreenshotAs(org.openqa.selenium.OutputType)" because "driver" is null]]>
            </message>
            <full-stacktrace>
              <![CDATA[java.lang.NullPointerException: Cannot invoke "org.openqa.selenium.TakesScreenshot.getScreenshotAs(org.openqa.selenium.OutputType)" because "driver" is null
at libraryFiles.utlityClass.getScreenShotonFailure(utlityClass.java:38)
at amazon_Site.loginTestClass.closeBrowser(loginTestClass.java:100)
at java.base/jdk.internal.reflect.DirectMethodHandleAccessor.invoke(DirectMethodHandleAccessor.java:103)
at java.base/java.lang.reflect.Method.invoke(Method.java:580)
at org.testng.internal.MethodInvocationHelper.invokeMethod(MethodInvocationHelper.java:133)
at org.testng.internal.MethodInvocationHelper.invokeMethodConsideringTimeout(MethodInvocationHelper.java:62)
at org.testng.internal.ConfigInvoker.invokeConfigurationMethod(ConfigInvoker.java:385)
at org.testng.internal.ConfigInvoker.invokeConfigurations(ConfigInvoker.java:321)
at org.testng.internal.TestInvoker.runConfigMethods(TestInvoker.java:700)
at org.testng.internal.TestInvoker.runAfterGroupsConfigurations(TestInvoker.java:676)
at org.testng.internal.TestInvoker.invokeMethod(TestInvoker.java:660)
at org.testng.internal.TestInvoker.invokeTestMethod(TestInvoker.java:173)
at org.testng.internal.MethodRunner.runInSequence(MethodRunner.java:46)
at org.testng.internal.TestInvoker$MethodInvocationAgent.invoke(TestInvoker.java:824)
at org.testng.internal.TestInvoker.invokeTestMethods(TestInvoker.java:146)
at org.testng.internal.TestMethodWorker.invokeTestMethods(TestMethodWorker.java:146)
at org.testng.internal.TestMethodWorker.run(TestMethodWorker.java:128)
at java.base/java.util.ArrayList.forEach(ArrayList.java:1596)
at org.testng.TestRunner.privateRun(TestRunner.java:794)
at org.testng.TestRunner.run(TestRunner.java:596)
at org.testng.SuiteRunner.runTest(SuiteRunner.java:377)
at org.testng.SuiteRunner.access$000(SuiteRunner.java:28)
at org.testng.SuiteRunner$SuiteWorker.run(SuiteRunner.java:418)
at org.testng.internal.thread.ThreadUtil.lambda$execute$0(ThreadUtil.java:64)
at java.base/java.util.concurrent.FutureTask.run(FutureTask.java:317)
at java.base/java.util.concurrent.ThreadPoolExecutor.runWorker(ThreadPoolExecutor.java:1144)
at java.base/java.util.concurrent.ThreadPoolExecutor$Worker.run(ThreadPoolExecutor.java:642)
at java.base/java.lang.Thread.run(Thread.java:1583)
]]>
            </full-stacktrace>
          </exception> <!-- java.lang.NullPointerException -->
          <reporter-output>
          </reporter-output>
        </test-method> <!-- closeBrowser -->
        <test-method is-config="true" signature="teardown()[pri:0, instance:amazon_Site.loginTestClass@747ddf94]" started-at="2024-05-28T13:05:38 IST" name="teardown" finished-at="1970-01-01T05:30:00 IST" duration-ms="-1716881738111" status="SKIP">
          <reporter-output>
          </reporter-output>
        </test-method> <!-- teardown -->
        <test-method is-config="true" signature="tearDown()[pri:0, instance:amazon_Site.loginTestClass@747ddf94]" started-at="2024-05-28T13:05:38 IST" name="tearDown" finished-at="1970-01-01T05:30:00 IST" duration-ms="-1716881738114" status="SKIP">
          <reporter-output>
          </reporter-output>
        </test-method> <!-- tearDown -->
      </class> <!-- amazon_Site.loginTestClass -->
    </test> <!-- Chrome-Test -->
    <test started-at="2024-05-28T13:05:00 IST" name="Edge-Test" finished-at="2024-05-28T13:05:46 IST" duration-ms="45591">
      <class name="amazon_Site.loginTestClass">
        <test-method is-config="true" signature="setUpSuite()[pri:0, instance:amazon_Site.loginTestClass@1bb5a082]" started-at="2024-05-28T13:05:00 IST" name="setUpSuite" finished-at="2024-05-28T13:05:00 IST" duration-ms="187" status="PASS">
          <reporter-output>
          </reporter-output>
        </test-method> <!-- setUpSuite -->
        <test-method is-config="true" signature="launchBrowser(java.lang.String)[pri:0, instance:amazon_Site.loginTestClass@1bb5a082]" started-at="2024-05-28T13:05:00 IST" name="launchBrowser" finished-at="2024-05-28T13:05:05 IST" duration-ms="5276" status="PASS">
          <params>
            <param index="0">
              <value>
                <![CDATA[edge]]>
              </value>
            </param>
          </params>
          <reporter-output>
          </reporter-output>
        </test-method> <!-- launchBrowser -->
        <test-method is-config="true" signature="openbrowser()[pri:0, instance:amazon_Site.loginTestClass@1bb5a082]" started-at="2024-05-28T13:05:05 IST" name="openbrowser" finished-at="2024-05-28T13:05:33 IST" duration-ms="28094" status="PASS">
          <reporter-output>
          </reporter-output>
        </test-method> <!-- openbrowser -->
        <test-method is-config="true" signature="initializeApplication()[pri:0, instance:amazon_Site.loginTestClass@1bb5a082]" started-at="2024-05-28T13:05:33 IST" name="initializeApplication" finished-at="2024-05-28T13:05:37 IST" duration-ms="3997" status="PASS">
          <reporter-output>
          </reporter-output>
        </test-method> <!-- initializeApplication -->
        <test-method signature="TC1()[pri:0, instance:amazon_Site.loginTestClass@1bb5a082]" started-at="2024-05-28T13:05:37 IST" name="TC1" finished-at="2024-05-28T13:05:41 IST" duration-ms="3214" status="PASS">
          <reporter-output>
          </reporter-output>
        </test-method> <!-- TC1 -->
        <test-method is-config="true" signature="closeBrowser(org.testng.ITestResult)[pri:0, instance:amazon_Site.loginTestClass@1bb5a082]" started-at="2024-05-28T13:05:41 IST" name="closeBrowser" finished-at="2024-05-28T13:05:46 IST" duration-ms="5004" status="PASS">
          <params>
            <param index="0">
              <value>
                <![CDATA[[TestResult name=TC1 status=SUCCESS method=loginTestClass.TC1()[pri:0, instance:amazon_Site.loginTestClass@1bb5a082] output={null}]]]>
              </value>
            </param>
          </params>
          <reporter-output>
          </reporter-output>
        </test-method> <!-- closeBrowser -->
        <test-method is-config="true" signature="tearDown()[pri:0, instance:amazon_Site.loginTestClass@1bb5a082]" started-at="2024-05-28T13:05:46 IST" name="tearDown" finished-at="2024-05-28T13:05:46 IST" duration-ms="0" status="PASS">
          <reporter-output>
          </reporter-output>
        </test-method> <!-- tearDown -->
        <test-method is-config="true" signature="teardown()[pri:0, instance:amazon_Site.loginTestClass@1bb5a082]" started-at="2024-05-28T13:05:46 IST" name="teardown" finished-at="2024-05-28T13:05:46 IST" duration-ms="0" status="PASS">
          <reporter-output>
          </reporter-output>
        </test-method> <!-- teardown -->
      </class> <!-- amazon_Site.loginTestClass -->
    </test> <!-- Edge-Test -->
  </suite> <!-- Suite -->
</testng-results>
